<?xml version="1.0" encoding="UTF-8"?>
<testsuite name="com.reiasu.reiparticleskill.compat.interop.ReflectCompatTest" tests="3" skipped="0" failures="0" errors="0" timestamp="2026-03-07T11:07:38" hostname="服务器" time="0.007">
  <properties/>
  <testcase name="shouldTryCandidateMethodsUntilOneMatches()" classname="com.reiasu.reiparticleskill.compat.interop.ReflectCompatTest" time="0.001"/>
  <testcase name="shouldResolveCompatibleMethodByAssignableSignature()" classname="com.reiasu.reiparticleskill.compat.interop.ReflectCompatTest" time="0.002"/>
  <testcase name="shouldInvokeStaticAndInstanceNoArgMethods()" classname="com.reiasu.reiparticleskill.compat.interop.ReflectCompatTest" time="0.003"/>
  <system-out><![CDATA[]]></system-out>
  <system-err><![CDATA[]]></system-err>
</testsuite>
