<?xml version="1.0" encoding="UTF-8"?>
<testsuite name="com.reiasu.reiparticleskill.end.respawn.EndRespawnPhaseTest" tests="3" skipped="0" failures="0" errors="0" timestamp="2026-03-07T11:07:48" hostname="服务器" time="0.009">
  <properties/>
  <testcase name="shouldMapKnownIdsIgnoringCaseAndSpaces()" classname="com.reiasu.reiparticleskill.end.respawn.EndRespawnPhaseTest" time="0.002"/>
  <testcase name="shouldReturnEmptyForUnknownId()" classname="com.reiasu.reiparticleskill.end.respawn.EndRespawnPhaseTest" time="0.004"/>
  <testcase name="shouldMapKnownRespawnStageNames()" classname="com.reiasu.reiparticleskill.end.respawn.EndRespawnPhaseTest" time="0.001"/>
  <system-out><![CDATA[]]></system-out>
  <system-err><![CDATA[]]></system-err>
</testsuite>
