<?xml version="1.0" encoding="UTF-8"?>
<testsuite name="com.reiasu.reiparticleskill.test.SkillTestBuilderTest" tests="2" skipped="0" failures="0" errors="0" timestamp="2026-03-07T11:07:48" hostname="服务器" time="0.017">
  <properties/>
  <testcase name="shouldSpawnAndCancelSwordFormationEmitterThroughTestOption()" classname="com.reiasu.reiparticleskill.test.SkillTestBuilderTest" time="0.015"/>
  <testcase name="shouldRegisterSkillTestBuilder()" classname="com.reiasu.reiparticleskill.test.SkillTestBuilderTest" time="0.002"/>
  <system-out><![CDATA[]]></system-out>
  <system-err><![CDATA[]]></system-err>
</testsuite>
