<?xml version="1.0" encoding="UTF-8"?>
<testsuite name="com.reiasu.reiparticleskill.compat.interop.ReiparticlesInteropTest" tests="3" skipped="0" failures="0" errors="0" timestamp="2026-03-07T11:07:38" hostname="服务器" time="0.013">
  <properties/>
  <testcase name="shouldPreferSkillTestGroupForPositiveIndex()" classname="com.reiasu.reiparticleskill.compat.interop.ReiparticlesInteropTest" time="0.005"/>
  <testcase name="shouldExcludeCurrentGroupWhenSelectingReplacementOrder()" classname="com.reiasu.reiparticleskill.compat.interop.ReiparticlesInteropTest" time="0.002"/>
  <testcase name="shouldPreferApiTestGroupForZeroOrNegativeIndex()" classname="com.reiasu.reiparticleskill.compat.interop.ReiparticlesInteropTest" time="0.002"/>
  <system-out><![CDATA[]]></system-out>
  <system-err><![CDATA[]]></system-err>
</testsuite>
