<?xml version="1.0" encoding="UTF-8"?>
<testsuite name="com.reiasu.reiparticleskill.keys.SkillKeysTest" tests="2" skipped="0" failures="0" errors="0" timestamp="2026-03-07T11:07:48" hostname="服务器" time="0.005">
  <properties/>
  <testcase name="helperBuildsModScopedId()" classname="com.reiasu.reiparticleskill.keys.SkillKeysTest" time="0.003"/>
  <testcase name="formationIdsAreStable()" classname="com.reiasu.reiparticleskill.keys.SkillKeysTest" time="0.001"/>
  <system-out><![CDATA[]]></system-out>
  <system-err><![CDATA[]]></system-err>
</testsuite>
