<?xml version="1.0" encoding="UTF-8"?>
<testsuite name="com.reiasu.reiparticleskill.command.layout.DisplayCommandLayoutTest" tests="3" skipped="0" failures="0" errors="0" timestamp="2026-03-07T11:07:38" hostname="服务器" time="0.022">
  <properties/>
  <testcase name="shouldUseExpectedScaleAndSpeed()" classname="com.reiasu.reiparticleskill.command.layout.DisplayCommandLayoutTest" time="0.014"/>
  <testcase name="shouldProvideProfilesForDisplayIndexes()" classname="com.reiasu.reiparticleskill.command.layout.DisplayCommandLayoutTest" time="0.002"/>
  <testcase name="shouldBuildFacingUpOrientation()" classname="com.reiasu.reiparticleskill.command.layout.DisplayCommandLayoutTest" time="0.001"/>
  <system-out><![CDATA[]]></system-out>
  <system-err><![CDATA[]]></system-err>
</testsuite>
