<?xml version="1.0" encoding="UTF-8"?>
<testsuite name="com.reiasu.reiparticleskill.end.respawn.DragonRespawnPulseTrackerTest" tests="2" skipped="0" failures="0" errors="0" timestamp="2026-03-07T11:07:48" hostname="服务器" time="0.009">
  <properties/>
  <testcase name="fallbackOnlyOpensWhenNoTrackedBeamsRemain()" classname="com.reiasu.reiparticleskill.end.respawn.DragonRespawnPulseTrackerTest" time="0.007"/>
  <testcase name="duePulsesAreScheduledFromBeamChanges()" classname="com.reiasu.reiparticleskill.end.respawn.DragonRespawnPulseTrackerTest" time="0.002"/>
  <system-out><![CDATA[]]></system-out>
  <system-err><![CDATA[]]></system-err>
</testsuite>
