<?xml version="1.0" encoding="UTF-8"?>
<testsuite name="com.reiasu.reiparticleskill.command.layout.DisplayIndexRoutingTest" tests="3" skipped="0" failures="0" errors="0" timestamp="2026-03-07T11:07:38" hostname="服务器" time="0.013">
  <properties/>
  <testcase name="shouldResolveAllSupportedIndexes()" classname="com.reiasu.reiparticleskill.command.layout.DisplayIndexRoutingTest" time="0.006"/>
  <testcase name="shouldRejectUnsupportedIndex()" classname="com.reiasu.reiparticleskill.command.layout.DisplayIndexRoutingTest" time="0.001"/>
  <testcase name="shouldReturnProfileForDisplayFamilyIndexes()" classname="com.reiasu.reiparticleskill.command.layout.DisplayIndexRoutingTest" time="0.003"/>
  <system-out><![CDATA[]]></system-out>
  <system-err><![CDATA[]]></system-err>
</testsuite>
