<?xml version="1.0" encoding="UTF-8"?>
<testsuite name="com.reiasu.reiparticlesapi.utils.builder.PointsAndFourierBuilderTest" tests="3" skipped="0" failures="0" errors="0" timestamp="2026-03-07T11:11:42" hostname="服务器" time="0.034">
  <properties/>
  <testcase name="discreteCircleProducesExpectedSamples()" classname="com.reiasu.reiparticlesapi.utils.builder.PointsAndFourierBuilderTest" time="0.015"/>
  <testcase name="fourierBuilderKeepsRequestedCount()" classname="com.reiasu.reiparticlesapi.utils.builder.PointsAndFourierBuilderTest" time="0.01"/>
  <testcase name="createWithStyleDataMapsEachPoint()" classname="com.reiasu.reiparticlesapi.utils.builder.PointsAndFourierBuilderTest" time="0.008"/>
  <system-out><![CDATA[]]></system-out>
  <system-err><![CDATA[]]></system-err>
</testsuite>
