<?xml version="1.0" encoding="UTF-8"?>
<testsuite name="com.reiasu.reiparticlesapi.utils.builder.SharedGeometryMigrationTest" tests="3" skipped="0" failures="0" errors="0" timestamp="2026-03-07T11:11:42" hostname="服务器" time="0.02">
  <properties/>
  <testcase name="sharedPhysicsHelpersStillSupportSkillSteeringMath()" classname="com.reiasu.reiparticlesapi.utils.builder.SharedGeometryMigrationTest" time="0.013"/>
  <testcase name="rotateAroundYPreservesSkillFormationRotation()" classname="com.reiasu.reiparticlesapi.utils.builder.SharedGeometryMigrationTest" time="0.0"/>
  <testcase name="sharedGraphMathHelperRetainsPreviewFadeInterpolation()" classname="com.reiasu.reiparticlesapi.utils.builder.SharedGeometryMigrationTest" time="0.005"/>
  <system-out><![CDATA[]]></system-out>
  <system-err><![CDATA[]]></system-err>
</testsuite>
