<?xml version="1.0" encoding="UTF-8"?>
<testsuite name="com.reiasu.reiparticlesapi.architecture.PackageDependencyRulesTest" tests="6" skipped="0" failures="0" errors="0" timestamp="2026-03-07T11:11:30" hostname="服务器" time="0.679">
  <properties/>
  <testcase name="testkitSourcesDoNotImportRuntimeBootstrap()" classname="com.reiasu.reiparticlesapi.architecture.PackageDependencyRulesTest" time="0.062"/>
  <testcase name="skillSourcesDoNotImportRuntimeOrForgePackages()" classname="com.reiasu.reiparticlesapi.architecture.PackageDependencyRulesTest" time="0.151"/>
  <testcase name="apiSourcesDoNotImportForgePackages()" classname="com.reiasu.reiparticlesapi.architecture.PackageDependencyRulesTest" time="0.066"/>
  <testcase name="nonRuntimeSourcesDoNotCatchThrowable()" classname="com.reiasu.reiparticlesapi.architecture.PackageDependencyRulesTest" time="0.218"/>
  <testcase name="skillSourcesDoNotImportScannerInternals()" classname="com.reiasu.reiparticlesapi.architecture.PackageDependencyRulesTest" time="0.082"/>
  <testcase name="apiSourcesDoNotImportSkillPackages()" classname="com.reiasu.reiparticlesapi.architecture.PackageDependencyRulesTest" time="0.093"/>
  <system-out><![CDATA[]]></system-out>
  <system-err><![CDATA[]]></system-err>
</testsuite>
