<?xml version="1.0" encoding="UTF-8"?>
<testsuite name="com.reiasu.reiparticlesapi.utils.helper.StyleHelperRuntimeTest" tests="3" skipped="0" failures="0" errors="0" timestamp="2026-03-07T11:11:42" hostname="服务器" time="0.035">
  <properties/>
  <testcase name="bezierScaleHelperProducesBoundedScale()" classname="com.reiasu.reiparticlesapi.utils.helper.StyleHelperRuntimeTest" time="0.013"/>
  <testcase name="statusHelperRemovesStyleAfterClosedInterval()" classname="com.reiasu.reiparticlesapi.utils.helper.StyleHelperRuntimeTest" time="0.019"/>
  <testcase name="styleScaleHelperMovesScaleForward()" classname="com.reiasu.reiparticlesapi.utils.helper.StyleHelperRuntimeTest" time="0.001"/>
  <system-out><![CDATA[]]></system-out>
  <system-err><![CDATA[]]></system-err>
</testsuite>
