<?xml version="1.0" encoding="UTF-8"?>
<testsuite name="com.reiasu.reiparticlesapi.network.particle.emitters.ParticleEmitterVisibilityTrackerTest" tests="1" skipped="0" failures="0" errors="0" timestamp="2026-03-07T11:11:42" hostname="服务器" time="0.001">
  <properties/>
  <testcase name="computeLodIntervalScalesWithViewerDistance()" classname="com.reiasu.reiparticlesapi.network.particle.emitters.ParticleEmitterVisibilityTrackerTest" time="0.001"/>
  <system-out><![CDATA[]]></system-out>
  <system-err><![CDATA[]]></system-err>
</testsuite>
