<?xml version="1.0" encoding="UTF-8"?>
<testsuite name="com.reiasu.reiparticlesapi.particles.ControllableParticleStateTest" tests="3" skipped="0" failures="0" errors="0" timestamp="2026-03-07T11:11:42" hostname="服务器" time="0.014">
  <properties/>
  <testcase name="shouldConsumePendingTeleportOnce()" classname="com.reiasu.reiparticlesapi.particles.ControllableParticleStateTest" time="0.012"/>
  <testcase name="shouldCapturePreviousRotationBeforeApplyingPendingRotation()" classname="com.reiasu.reiparticlesapi.particles.ControllableParticleStateTest" time="0.0"/>
  <testcase name="shouldMarkRotationPendingWhenSchedulingRotation()" classname="com.reiasu.reiparticlesapi.particles.ControllableParticleStateTest" time="0.001"/>
  <system-out><![CDATA[]]></system-out>
  <system-err><![CDATA[]]></system-err>
</testsuite>
